X Script addCategory.php aberto;
_ Variáveis:
> categoria: 1
> Título: Papai Noel
> Resumo: O Papai Noel é uma figura lendária natalina que entrega presentes para crianças bem-comportadas em todo o mundo na véspera de Natal. Ele é frequentemente retratado como um homem alegre e rechonchudo com barba branca, vestindo um terno vermelho e branco. Sua história combina folclore, lendas e tradições cristãs.
_ QUERY SUCCESS: Revisão inserida no BD.
sessão[novo_id_revisao]: 14
_ Script addCategory.php fechado.

X Script addCategory.php aberto;
_ Variáveis:
> categoria: 1
> Título: Boitata
> Resumo: O Boitatá é uma criatura lendária do folclore brasileiro, frequentemente descrita como uma cobra de fogo gigante com olhos flamejantes. Ele é considerado o protetor das florestas e dos animais, e sua lenda provavelmente se originou na mitologia indígena. Diz-se que o Boitatá persegue aqueles que colocam fogo nas matas, e seu mito serve como um alerta sobre a importância da preservação ambiental. A lenda varia em detalhes entre as diferentes regiões do Brasil, mas a figura do guardião da natureza permanece consistente.
_ QUERY SUCCESS: Revisão inserida no BD.
sessão[novo_id_revisao]: 15
_ Script addCategory.php fechado.

X Script addCategory.php aberto;
_ Variáveis:
> categoria: 2
> Título: Recursividade Em Pyhton
> Resumo: Recursividade em Python é um conceito poderoso que permite que uma função chame a si mesma. Essa abordagem é particularmente útil para resolver problemas que podem ser divididos em subproblemas semelhantes. Uma função recursiva consiste em um caso base, que define o término da recursão, e um passo recursivo, que chama a função novamente com uma versão modificada da entrada. É essencial garantir que o caso base seja sempre atingido para evitar loops infinitos. A recursividade pode tornar o código mais elegante e legível, mas é importante usá-la com cuidado, pois pode levar a um consumo maior de memória e ser menos eficiente em alguns casos.
_ QUERY SUCCESS: Revisão inserida no BD.
sessão[novo_id_revisao]: 16
_ Script addCategory.php fechado.

X Script addCategory.php aberto;
_ Variáveis:
> categoria: 1
> Título: Adição
> Resumo: A adição é uma das quatro operações básicas da aritmética. Ela envolve combinar dois ou mais números (chamados operandos) para obter um único número, a soma. O símbolo da adição é o sinal de mais (+). A adição é uma operação comutativa, o que significa que a ordem dos operandos não altera o resultado. Por exemplo, 2 + 3 = 3 + 2 = 5. 
_ QUERY SUCCESS: Revisão inserida no BD.
sessão[novo_id_revisao]: 17
_ Script addCategory.php fechado.

